<?xml version="1.0" encoding="UTF-8"?>
<!-- Generated by org.testng.reporters.JUnitXMLReporter -->
<testsuite ignored="0" hostname="DESKTOP-83G703B" failures="6" tests="6" name="web Test" time="66.391" errors="0" timestamp="2023-08-17T21:50:24 EDT">
  <testcase classname="TestLayer.LoginTest" name="verifyLoginCredentials" time="2.984">
    <failure type="java.lang.AssertionError" message="expected [true] but found [false]">
      <![CDATA[java.lang.AssertionError: expected [true] but found [false]
at TestLayer.LoginTest.verifyLoginCredentials(LoginTest.java:40)
at java.base/java.util.ArrayList.forEach(ArrayList.java:1511)
... Removed 31 stack frames]]>
    </failure>
  </testcase> <!-- verifyLoginCredentials -->
  <testcase classname="TestLayer.LoginTest" name="verifyLoginCredentials" time="2.94">
    <failure type="java.lang.AssertionError" message="expected [true] but found [false]">
      <![CDATA[java.lang.AssertionError: expected [true] but found [false]
at TestLayer.LoginTest.verifyLoginCredentials(LoginTest.java:40)
at java.base/java.util.ArrayList.forEach(ArrayList.java:1511)
... Removed 31 stack frames]]>
    </failure>
  </testcase> <!-- verifyLoginCredentials -->
  <testcase classname="TestLayer.LoginTest" name="verifyLoginCredentials" time="4.927">
    <failure type="java.lang.AssertionError" message="expected [true] but found [false]">
      <![CDATA[java.lang.AssertionError: expected [true] but found [false]
at TestLayer.LoginTest.verifyLoginCredentials(LoginTest.java:40)
at java.base/java.util.ArrayList.forEach(ArrayList.java:1511)
... Removed 31 stack frames]]>
    </failure>
  </testcase> <!-- verifyLoginCredentials -->
  <testcase classname="TestLayer.LoginTest" name="verifyLoginCredentials" time="1.567">
    <failure type="java.lang.AssertionError" message="expected [true] but found [false]">
      <![CDATA[java.lang.AssertionError: expected [true] but found [false]
at TestLayer.LoginTest.verifyLoginCredentials(LoginTest.java:40)
at java.base/java.util.ArrayList.forEach(ArrayList.java:1511)
... Removed 31 stack frames]]>
    </failure>
  </testcase> <!-- verifyLoginCredentials -->
  <testcase classname="TestLayer.LoginTest" name="verifyLoginCredentials" time="2.955">
    <failure type="java.lang.AssertionError" message="expected [true] but found [false]">
      <![CDATA[java.lang.AssertionError: expected [true] but found [false]
at TestLayer.LoginTest.verifyLoginCredentials(LoginTest.java:40)
at java.base/java.util.ArrayList.forEach(ArrayList.java:1511)
... Removed 31 stack frames]]>
    </failure>
  </testcase> <!-- verifyLoginCredentials -->
  <testcase classname="TestLayer.LoginTest" name="verifyLoginCredentials" time="2.658">
    <failure type="java.lang.AssertionError" message="expected [true] but found [false]">
      <![CDATA[java.lang.AssertionError: expected [true] but found [false]
at TestLayer.LoginTest.verifyLoginCredentials(LoginTest.java:40)
at java.base/java.util.ArrayList.forEach(ArrayList.java:1511)
... Removed 31 stack frames]]>
    </failure>
  </testcase> <!-- verifyLoginCredentials -->
</testsuite> <!-- web Test -->
